2019-07-31 14:05:13 - pycode.tellers.metrics - __init__ - MainThread - INFO - Calculate history DQIX
2019-07-31 14:05:20 - pycode.tellers.ft - __init__ - MainThread - INFO - Creating as instance of FortuneTeller
2019-07-31 14:05:20 - pycode.tellers.ft - initialModelCoefs - MainThread - INFO - Intialize model coefs start
2019-07-31 14:05:20 - pycode.dataport.rtpms - get_rtpms - MainThread - INFO - get_rtpms, tag: JPC1-VSMA162A3.PV; start: 2019-07-31 12:50:20, end: 2019-07-31 14:05:20, time_step:0:15:00
2019-07-31 14:05:20 - pycode.dataport.rtpms - get_rtpms - MainThread - INFO - get_rtpms, tag: JPC1-FCMA1501.PV,JPC1-FCMA1502.PV,JPC1-VSMA150A2.PV,JPC1-FCT161A3.PV,JPC1-TIK161A3.PV,JPC1-FCAK161A31.PV,JPC1-FCAK161A32.PV,JPC1-FCAK161A33.PV,JPC1-TTAK161A31.PV,JPC1-TTAK161A32.PV,JPC1-TTAK161A33.PV,JPC1-TTAK161A34.PV,JPC1-PCA422E.PV,JPC1-IMK161U.PV,JPC1-AMA162.PV,JPC1-VSMA162A3.PV; start: 2019-07-31 11:50:20, end: 2019-07-31 11:50:20, time_step:00:01:00
2019-07-31 14:05:21 - pycode.dataport.rtpms - get_rtpms - MainThread - INFO - get_rtpms, tag: JPC1-FCMA1501.PV,JPC1-FCMA1502.PV,JPC1-VSMA150A2.PV,JPC1-FCT161A3.PV,JPC1-TIK161A3.PV,JPC1-FCAK161A31.PV,JPC1-FCAK161A32.PV,JPC1-FCAK161A33.PV,JPC1-TTAK161A31.PV,JPC1-TTAK161A32.PV,JPC1-TTAK161A33.PV,JPC1-TTAK161A34.PV,JPC1-PCA422E.PV,JPC1-IMK161U.PV,JPC1-AMA162.PV,JPC1-VSMA162A3.PV; start: 2019-07-31 12:05:20, end: 2019-07-31 12:05:20, time_step:00:01:00
2019-07-31 14:05:24 - pycode.dataport.rtpms - get_rtpms - MainThread - INFO - get_rtpms, tag: JPC1-FCMA1501.PV,JPC1-FCMA1502.PV,JPC1-VSMA150A2.PV,JPC1-FCT161A3.PV,JPC1-TIK161A3.PV,JPC1-FCAK161A31.PV,JPC1-FCAK161A32.PV,JPC1-FCAK161A33.PV,JPC1-TTAK161A31.PV,JPC1-TTAK161A32.PV,JPC1-TTAK161A33.PV,JPC1-TTAK161A34.PV,JPC1-PCA422E.PV,JPC1-IMK161U.PV,JPC1-AMA162.PV,JPC1-VSMA162A3.PV; start: 2019-07-31 12:20:20, end: 2019-07-31 12:20:20, time_step:00:01:00
2019-07-31 14:05:26 - pycode.dataport.rtpms - get_rtpms - MainThread - INFO - get_rtpms, tag: JPC1-FCMA1501.PV,JPC1-FCMA1502.PV,JPC1-VSMA150A2.PV,JPC1-FCT161A3.PV,JPC1-TIK161A3.PV,JPC1-FCAK161A31.PV,JPC1-FCAK161A32.PV,JPC1-FCAK161A33.PV,JPC1-TTAK161A31.PV,JPC1-TTAK161A32.PV,JPC1-TTAK161A33.PV,JPC1-TTAK161A34.PV,JPC1-PCA422E.PV,JPC1-IMK161U.PV,JPC1-AMA162.PV,JPC1-VSMA162A3.PV; start: 2019-07-31 12:35:20, end: 2019-07-31 12:35:20, time_step:00:01:00
2019-07-31 14:05:28 - pycode.dataport.rtpms - get_rtpms - MainThread - INFO - get_rtpms, tag: JPC1-FCMA1501.PV,JPC1-FCMA1502.PV,JPC1-VSMA150A2.PV,JPC1-FCT161A3.PV,JPC1-TIK161A3.PV,JPC1-FCAK161A31.PV,JPC1-FCAK161A32.PV,JPC1-FCAK161A33.PV,JPC1-TTAK161A31.PV,JPC1-TTAK161A32.PV,JPC1-TTAK161A33.PV,JPC1-TTAK161A34.PV,JPC1-PCA422E.PV,JPC1-IMK161U.PV,JPC1-AMA162.PV,JPC1-VSMA162A3.PV; start: 2019-07-31 12:50:20, end: 2019-07-31 12:50:20, time_step:00:01:00
2019-07-31 14:05:31 - pycode.dataport.rtpms - get_rtpms - MainThread - INFO - get_rtpms, tag: JPC1-FCMA1501.PV,JPC1-FCMA1502.PV,JPC1-VSMA150A2.PV,JPC1-FCT161A3.PV,JPC1-TIK161A3.PV,JPC1-FCAK161A31.PV,JPC1-FCAK161A32.PV,JPC1-FCAK161A33.PV,JPC1-TTAK161A31.PV,JPC1-TTAK161A32.PV,JPC1-TTAK161A33.PV,JPC1-TTAK161A34.PV,JPC1-PCA422E.PV,JPC1-IMK161U.PV,JPC1-AMA162.PV,JPC1-VSMA162A3.PV; start: 2019-07-31 13:05:20, end: 2019-07-31 13:05:20, time_step:00:01:00
2019-07-31 14:05:32 - pycode.dataport.rtpms - get_rtpms - MainThread - INFO - get_rtpms, tag: JPC1-FCMA1501.PV,JPC1-FCMA1502.PV,JPC1-VSMA150A2.PV,JPC1-FCT161A3.PV,JPC1-TIK161A3.PV,JPC1-FCAK161A31.PV,JPC1-FCAK161A32.PV,JPC1-FCAK161A33.PV,JPC1-TTAK161A31.PV,JPC1-TTAK161A32.PV,JPC1-TTAK161A33.PV,JPC1-TTAK161A34.PV,JPC1-PCA422E.PV,JPC1-IMK161U.PV,JPC1-AMA162.PV,JPC1-VSMA162A3.PV; start: 2019-07-31 13:20:20, end: 2019-07-31 13:20:20, time_step:00:01:00
2019-07-31 14:05:35 - pycode.dataport.rtpms - get_rtpms - MainThread - INFO - get_rtpms, tag: JPC1-FCMA1501.PV,JPC1-FCMA1502.PV,JPC1-VSMA150A2.PV,JPC1-FCT161A3.PV,JPC1-TIK161A3.PV,JPC1-FCAK161A31.PV,JPC1-FCAK161A32.PV,JPC1-FCAK161A33.PV,JPC1-TTAK161A31.PV,JPC1-TTAK161A32.PV,JPC1-TTAK161A33.PV,JPC1-TTAK161A34.PV,JPC1-PCA422E.PV,JPC1-IMK161U.PV,JPC1-AMA162.PV,JPC1-VSMA162A3.PV; start: 2019-07-31 13:35:20, end: 2019-07-31 13:35:20, time_step:00:01:00
2019-07-31 14:05:36 - pycode.dataport.rtpms - get_rtpms - MainThread - INFO - get_rtpms, tag: JPC1-FCMA1501.PV,JPC1-FCMA1502.PV,JPC1-VSMA150A2.PV,JPC1-FCT161A3.PV,JPC1-TIK161A3.PV,JPC1-FCAK161A31.PV,JPC1-FCAK161A32.PV,JPC1-FCAK161A33.PV,JPC1-TTAK161A31.PV,JPC1-TTAK161A32.PV,JPC1-TTAK161A33.PV,JPC1-TTAK161A34.PV,JPC1-PCA422E.PV,JPC1-IMK161U.PV,JPC1-AMA162.PV,JPC1-VSMA162A3.PV; start: 2019-07-31 12:05:20, end: 2019-07-31 12:05:20, time_step:00:01:00
2019-07-31 14:05:39 - pycode.dataport.rtpms - get_rtpms - MainThread - INFO - get_rtpms, tag: JPC1-FCMA1501.PV,JPC1-FCMA1502.PV,JPC1-VSMA150A2.PV,JPC1-FCT161A3.PV,JPC1-TIK161A3.PV,JPC1-FCAK161A31.PV,JPC1-FCAK161A32.PV,JPC1-FCAK161A33.PV,JPC1-TTAK161A31.PV,JPC1-TTAK161A32.PV,JPC1-TTAK161A33.PV,JPC1-TTAK161A34.PV,JPC1-PCA422E.PV,JPC1-IMK161U.PV,JPC1-AMA162.PV,JPC1-VSMA162A3.PV; start: 2019-07-31 12:20:20, end: 2019-07-31 12:20:20, time_step:00:01:00
2019-07-31 14:05:41 - pycode.dataport.rtpms - get_rtpms - MainThread - INFO - get_rtpms, tag: JPC1-FCMA1501.PV,JPC1-FCMA1502.PV,JPC1-VSMA150A2.PV,JPC1-FCT161A3.PV,JPC1-TIK161A3.PV,JPC1-FCAK161A31.PV,JPC1-FCAK161A32.PV,JPC1-FCAK161A33.PV,JPC1-TTAK161A31.PV,JPC1-TTAK161A32.PV,JPC1-TTAK161A33.PV,JPC1-TTAK161A34.PV,JPC1-PCA422E.PV,JPC1-IMK161U.PV,JPC1-AMA162.PV,JPC1-VSMA162A3.PV; start: 2019-07-31 12:35:20, end: 2019-07-31 12:35:20, time_step:00:01:00
2019-07-31 14:05:43 - pycode.dataport.rtpms - get_rtpms - MainThread - INFO - get_rtpms, tag: JPC1-FCMA1501.PV,JPC1-FCMA1502.PV,JPC1-VSMA150A2.PV,JPC1-FCT161A3.PV,JPC1-TIK161A3.PV,JPC1-FCAK161A31.PV,JPC1-FCAK161A32.PV,JPC1-FCAK161A33.PV,JPC1-TTAK161A31.PV,JPC1-TTAK161A32.PV,JPC1-TTAK161A33.PV,JPC1-TTAK161A34.PV,JPC1-PCA422E.PV,JPC1-IMK161U.PV,JPC1-AMA162.PV,JPC1-VSMA162A3.PV; start: 2019-07-31 12:50:20, end: 2019-07-31 12:50:20, time_step:00:01:00
2019-07-31 14:05:45 - pycode.dataport.rtpms - get_rtpms - MainThread - INFO - get_rtpms, tag: JPC1-FCMA1501.PV,JPC1-FCMA1502.PV,JPC1-VSMA150A2.PV,JPC1-FCT161A3.PV,JPC1-TIK161A3.PV,JPC1-FCAK161A31.PV,JPC1-FCAK161A32.PV,JPC1-FCAK161A33.PV,JPC1-TTAK161A31.PV,JPC1-TTAK161A32.PV,JPC1-TTAK161A33.PV,JPC1-TTAK161A34.PV,JPC1-PCA422E.PV,JPC1-IMK161U.PV,JPC1-AMA162.PV,JPC1-VSMA162A3.PV; start: 2019-07-31 13:05:20, end: 2019-07-31 13:05:20, time_step:00:01:00
2019-07-31 14:05:46 - pycode.dataport.rtpms - get_rtpms - MainThread - INFO - get_rtpms, tag: JPC1-FCMA1501.PV,JPC1-FCMA1502.PV,JPC1-VSMA150A2.PV,JPC1-FCT161A3.PV,JPC1-TIK161A3.PV,JPC1-FCAK161A31.PV,JPC1-FCAK161A32.PV,JPC1-FCAK161A33.PV,JPC1-TTAK161A31.PV,JPC1-TTAK161A32.PV,JPC1-TTAK161A33.PV,JPC1-TTAK161A34.PV,JPC1-PCA422E.PV,JPC1-IMK161U.PV,JPC1-AMA162.PV,JPC1-VSMA162A3.PV; start: 2019-07-31 13:20:20, end: 2019-07-31 13:20:20, time_step:00:01:00
2019-07-31 14:05:49 - pycode.dataport.rtpms - get_rtpms - MainThread - INFO - get_rtpms, tag: JPC1-FCMA1501.PV,JPC1-FCMA1502.PV,JPC1-VSMA150A2.PV,JPC1-FCT161A3.PV,JPC1-TIK161A3.PV,JPC1-FCAK161A31.PV,JPC1-FCAK161A32.PV,JPC1-FCAK161A33.PV,JPC1-TTAK161A31.PV,JPC1-TTAK161A32.PV,JPC1-TTAK161A33.PV,JPC1-TTAK161A34.PV,JPC1-PCA422E.PV,JPC1-IMK161U.PV,JPC1-AMA162.PV,JPC1-VSMA162A3.PV; start: 2019-07-31 13:35:20, end: 2019-07-31 13:35:20, time_step:00:01:00
2019-07-31 14:05:52 - pycode.dataport.rtpms - get_rtpms - MainThread - INFO - get_rtpms, tag: JPC1-FCMA1501.PV,JPC1-FCMA1502.PV,JPC1-VSMA150A2.PV,JPC1-FCT161A3.PV,JPC1-TIK161A3.PV,JPC1-FCAK161A31.PV,JPC1-FCAK161A32.PV,JPC1-FCAK161A33.PV,JPC1-TTAK161A31.PV,JPC1-TTAK161A32.PV,JPC1-TTAK161A33.PV,JPC1-TTAK161A34.PV,JPC1-PCA422E.PV,JPC1-IMK161U.PV,JPC1-AMA162.PV,JPC1-VSMA162A3.PV; start: 2019-07-31 13:50:20, end: 2019-07-31 13:50:20, time_step:00:01:00
2019-07-31 14:05:55 - pycode.dataport.rtpms - get_rtpms - MainThread - INFO - get_rtpms, tag: JPC1-FCMA1501.PV,JPC1-FCMA1502.PV,JPC1-VSMA150A2.PV,JPC1-FCT161A3.PV,JPC1-TIK161A3.PV,JPC1-FCAK161A31.PV,JPC1-FCAK161A32.PV,JPC1-FCAK161A33.PV,JPC1-TTAK161A31.PV,JPC1-TTAK161A32.PV,JPC1-TTAK161A33.PV,JPC1-TTAK161A34.PV,JPC1-PCA422E.PV,JPC1-IMK161U.PV,JPC1-AMA162.PV,JPC1-VSMA162A3.PV; start: 2019-07-31 12:20:20, end: 2019-07-31 12:20:20, time_step:00:01:00
2019-07-31 14:05:58 - pycode.dataport.rtpms - get_rtpms - MainThread - INFO - get_rtpms, tag: JPC1-FCMA1501.PV,JPC1-FCMA1502.PV,JPC1-VSMA150A2.PV,JPC1-FCT161A3.PV,JPC1-TIK161A3.PV,JPC1-FCAK161A31.PV,JPC1-FCAK161A32.PV,JPC1-FCAK161A33.PV,JPC1-TTAK161A31.PV,JPC1-TTAK161A32.PV,JPC1-TTAK161A33.PV,JPC1-TTAK161A34.PV,JPC1-PCA422E.PV,JPC1-IMK161U.PV,JPC1-AMA162.PV,JPC1-VSMA162A3.PV; start: 2019-07-31 12:35:20, end: 2019-07-31 12:35:20, time_step:00:01:00
2019-07-31 14:06:00 - pycode.dataport.rtpms - get_rtpms - MainThread - INFO - get_rtpms, tag: JPC1-FCMA1501.PV,JPC1-FCMA1502.PV,JPC1-VSMA150A2.PV,JPC1-FCT161A3.PV,JPC1-TIK161A3.PV,JPC1-FCAK161A31.PV,JPC1-FCAK161A32.PV,JPC1-FCAK161A33.PV,JPC1-TTAK161A31.PV,JPC1-TTAK161A32.PV,JPC1-TTAK161A33.PV,JPC1-TTAK161A34.PV,JPC1-PCA422E.PV,JPC1-IMK161U.PV,JPC1-AMA162.PV,JPC1-VSMA162A3.PV; start: 2019-07-31 12:50:20, end: 2019-07-31 12:50:20, time_step:00:01:00
2019-07-31 14:06:04 - pycode.dataport.rtpms - get_rtpms - MainThread - INFO - get_rtpms, tag: JPC1-FCMA1501.PV,JPC1-FCMA1502.PV,JPC1-VSMA150A2.PV,JPC1-FCT161A3.PV,JPC1-TIK161A3.PV,JPC1-FCAK161A31.PV,JPC1-FCAK161A32.PV,JPC1-FCAK161A33.PV,JPC1-TTAK161A31.PV,JPC1-TTAK161A32.PV,JPC1-TTAK161A33.PV,JPC1-TTAK161A34.PV,JPC1-PCA422E.PV,JPC1-IMK161U.PV,JPC1-AMA162.PV,JPC1-VSMA162A3.PV; start: 2019-07-31 13:05:20, end: 2019-07-31 13:05:20, time_step:00:01:00
2019-07-31 14:06:06 - pycode.dataport.rtpms - get_rtpms - MainThread - INFO - get_rtpms, tag: JPC1-FCMA1501.PV,JPC1-FCMA1502.PV,JPC1-VSMA150A2.PV,JPC1-FCT161A3.PV,JPC1-TIK161A3.PV,JPC1-FCAK161A31.PV,JPC1-FCAK161A32.PV,JPC1-FCAK161A33.PV,JPC1-TTAK161A31.PV,JPC1-TTAK161A32.PV,JPC1-TTAK161A33.PV,JPC1-TTAK161A34.PV,JPC1-PCA422E.PV,JPC1-IMK161U.PV,JPC1-AMA162.PV,JPC1-VSMA162A3.PV; start: 2019-07-31 13:20:20, end: 2019-07-31 13:20:20, time_step:00:01:00
2019-07-31 14:06:08 - pycode.dataport.rtpms - get_rtpms - MainThread - INFO - get_rtpms, tag: JPC1-FCMA1501.PV,JPC1-FCMA1502.PV,JPC1-VSMA150A2.PV,JPC1-FCT161A3.PV,JPC1-TIK161A3.PV,JPC1-FCAK161A31.PV,JPC1-FCAK161A32.PV,JPC1-FCAK161A33.PV,JPC1-TTAK161A31.PV,JPC1-TTAK161A32.PV,JPC1-TTAK161A33.PV,JPC1-TTAK161A34.PV,JPC1-PCA422E.PV,JPC1-IMK161U.PV,JPC1-AMA162.PV,JPC1-VSMA162A3.PV; start: 2019-07-31 13:35:20, end: 2019-07-31 13:35:20, time_step:00:01:00
2019-07-31 14:06:10 - pycode.dataport.rtpms - get_rtpms - MainThread - INFO - get_rtpms, tag: JPC1-FCMA1501.PV,JPC1-FCMA1502.PV,JPC1-VSMA150A2.PV,JPC1-FCT161A3.PV,JPC1-TIK161A3.PV,JPC1-FCAK161A31.PV,JPC1-FCAK161A32.PV,JPC1-FCAK161A33.PV,JPC1-TTAK161A31.PV,JPC1-TTAK161A32.PV,JPC1-TTAK161A33.PV,JPC1-TTAK161A34.PV,JPC1-PCA422E.PV,JPC1-IMK161U.PV,JPC1-AMA162.PV,JPC1-VSMA162A3.PV; start: 2019-07-31 13:50:20, end: 2019-07-31 13:50:20, time_step:00:01:00
2019-07-31 14:06:12 - pycode.dataport.rtpms - get_rtpms - MainThread - INFO - get_rtpms, tag: JPC1-FCMA1501.PV,JPC1-FCMA1502.PV,JPC1-VSMA150A2.PV,JPC1-FCT161A3.PV,JPC1-TIK161A3.PV,JPC1-FCAK161A31.PV,JPC1-FCAK161A32.PV,JPC1-FCAK161A33.PV,JPC1-TTAK161A31.PV,JPC1-TTAK161A32.PV,JPC1-TTAK161A33.PV,JPC1-TTAK161A34.PV,JPC1-PCA422E.PV,JPC1-IMK161U.PV,JPC1-AMA162.PV,JPC1-VSMA162A3.PV; start: 2019-07-31 14:05:20, end: 2019-07-31 14:05:20, time_step:00:01:00
2019-07-31 14:06:14 - pycode.dataport.rtpms - get_rtpms - MainThread - INFO - get_rtpms, tag: JPC1-FCMA1501.PV,JPC1-FCMA1502.PV,JPC1-VSMA150A2.PV,JPC1-FCT161A3.PV,JPC1-TIK161A3.PV,JPC1-FCAK161A31.PV,JPC1-FCAK161A32.PV,JPC1-FCAK161A33.PV,JPC1-TTAK161A31.PV,JPC1-TTAK161A32.PV,JPC1-TTAK161A33.PV,JPC1-TTAK161A34.PV,JPC1-PCA422E.PV,JPC1-IMK161U.PV,JPC1-AMA162.PV,JPC1-VSMA162A3.PV; start: 2019-07-31 12:35:20, end: 2019-07-31 12:35:20, time_step:00:01:00
2019-07-31 14:06:16 - pycode.dataport.rtpms - get_rtpms - MainThread - INFO - get_rtpms, tag: JPC1-FCMA1501.PV,JPC1-FCMA1502.PV,JPC1-VSMA150A2.PV,JPC1-FCT161A3.PV,JPC1-TIK161A3.PV,JPC1-FCAK161A31.PV,JPC1-FCAK161A32.PV,JPC1-FCAK161A33.PV,JPC1-TTAK161A31.PV,JPC1-TTAK161A32.PV,JPC1-TTAK161A33.PV,JPC1-TTAK161A34.PV,JPC1-PCA422E.PV,JPC1-IMK161U.PV,JPC1-AMA162.PV,JPC1-VSMA162A3.PV; start: 2019-07-31 12:50:20, end: 2019-07-31 12:50:20, time_step:00:01:00
2019-07-31 14:06:17 - pycode.dataport.rtpms - get_rtpms - MainThread - INFO - get_rtpms, tag: JPC1-FCMA1501.PV,JPC1-FCMA1502.PV,JPC1-VSMA150A2.PV,JPC1-FCT161A3.PV,JPC1-TIK161A3.PV,JPC1-FCAK161A31.PV,JPC1-FCAK161A32.PV,JPC1-FCAK161A33.PV,JPC1-TTAK161A31.PV,JPC1-TTAK161A32.PV,JPC1-TTAK161A33.PV,JPC1-TTAK161A34.PV,JPC1-PCA422E.PV,JPC1-IMK161U.PV,JPC1-AMA162.PV,JPC1-VSMA162A3.PV; start: 2019-07-31 13:05:20, end: 2019-07-31 13:05:20, time_step:00:01:00
2019-07-31 14:06:19 - pycode.dataport.rtpms - get_rtpms - MainThread - INFO - get_rtpms, tag: JPC1-FCMA1501.PV,JPC1-FCMA1502.PV,JPC1-VSMA150A2.PV,JPC1-FCT161A3.PV,JPC1-TIK161A3.PV,JPC1-FCAK161A31.PV,JPC1-FCAK161A32.PV,JPC1-FCAK161A33.PV,JPC1-TTAK161A31.PV,JPC1-TTAK161A32.PV,JPC1-TTAK161A33.PV,JPC1-TTAK161A34.PV,JPC1-PCA422E.PV,JPC1-IMK161U.PV,JPC1-AMA162.PV,JPC1-VSMA162A3.PV; start: 2019-07-31 13:20:20, end: 2019-07-31 13:20:20, time_step:00:01:00
2019-07-31 14:06:21 - pycode.dataport.rtpms - get_rtpms - MainThread - INFO - get_rtpms, tag: JPC1-FCMA1501.PV,JPC1-FCMA1502.PV,JPC1-VSMA150A2.PV,JPC1-FCT161A3.PV,JPC1-TIK161A3.PV,JPC1-FCAK161A31.PV,JPC1-FCAK161A32.PV,JPC1-FCAK161A33.PV,JPC1-TTAK161A31.PV,JPC1-TTAK161A32.PV,JPC1-TTAK161A33.PV,JPC1-TTAK161A34.PV,JPC1-PCA422E.PV,JPC1-IMK161U.PV,JPC1-AMA162.PV,JPC1-VSMA162A3.PV; start: 2019-07-31 13:35:20, end: 2019-07-31 13:35:20, time_step:00:01:00
2019-07-31 14:06:24 - pycode.dataport.rtpms - get_rtpms - MainThread - INFO - get_rtpms, tag: JPC1-FCMA1501.PV,JPC1-FCMA1502.PV,JPC1-VSMA150A2.PV,JPC1-FCT161A3.PV,JPC1-TIK161A3.PV,JPC1-FCAK161A31.PV,JPC1-FCAK161A32.PV,JPC1-FCAK161A33.PV,JPC1-TTAK161A31.PV,JPC1-TTAK161A32.PV,JPC1-TTAK161A33.PV,JPC1-TTAK161A34.PV,JPC1-PCA422E.PV,JPC1-IMK161U.PV,JPC1-AMA162.PV,JPC1-VSMA162A3.PV; start: 2019-07-31 13:50:20, end: 2019-07-31 13:50:20, time_step:00:01:00
2019-07-31 14:06:26 - pycode.dataport.rtpms - get_rtpms - MainThread - INFO - get_rtpms, tag: JPC1-FCMA1501.PV,JPC1-FCMA1502.PV,JPC1-VSMA150A2.PV,JPC1-FCT161A3.PV,JPC1-TIK161A3.PV,JPC1-FCAK161A31.PV,JPC1-FCAK161A32.PV,JPC1-FCAK161A33.PV,JPC1-TTAK161A31.PV,JPC1-TTAK161A32.PV,JPC1-TTAK161A33.PV,JPC1-TTAK161A34.PV,JPC1-PCA422E.PV,JPC1-IMK161U.PV,JPC1-AMA162.PV,JPC1-VSMA162A3.PV; start: 2019-07-31 14:05:20, end: 2019-07-31 14:05:20, time_step:00:01:00
2019-07-31 14:06:29 - pycode.dataport.rtpms - get_rtpms - MainThread - INFO - get_rtpms, tag: JPC1-FCMA1501.PV,JPC1-FCMA1502.PV,JPC1-VSMA150A2.PV,JPC1-FCT161A3.PV,JPC1-TIK161A3.PV,JPC1-FCAK161A31.PV,JPC1-FCAK161A32.PV,JPC1-FCAK161A33.PV,JPC1-TTAK161A31.PV,JPC1-TTAK161A32.PV,JPC1-TTAK161A33.PV,JPC1-TTAK161A34.PV,JPC1-PCA422E.PV,JPC1-IMK161U.PV,JPC1-AMA162.PV,JPC1-VSMA162A3.PV; start: 2019-07-31 12:50:20, end: 2019-07-31 12:50:20, time_step:00:01:00
2019-07-31 14:06:31 - pycode.dataport.rtpms - get_rtpms - MainThread - INFO - get_rtpms, tag: JPC1-FCMA1501.PV,JPC1-FCMA1502.PV,JPC1-VSMA150A2.PV,JPC1-FCT161A3.PV,JPC1-TIK161A3.PV,JPC1-FCAK161A31.PV,JPC1-FCAK161A32.PV,JPC1-FCAK161A33.PV,JPC1-TTAK161A31.PV,JPC1-TTAK161A32.PV,JPC1-TTAK161A33.PV,JPC1-TTAK161A34.PV,JPC1-PCA422E.PV,JPC1-IMK161U.PV,JPC1-AMA162.PV,JPC1-VSMA162A3.PV; start: 2019-07-31 13:05:20, end: 2019-07-31 13:05:20, time_step:00:01:00
2019-07-31 14:06:33 - pycode.dataport.rtpms - get_rtpms - MainThread - INFO - get_rtpms, tag: JPC1-FCMA1501.PV,JPC1-FCMA1502.PV,JPC1-VSMA150A2.PV,JPC1-FCT161A3.PV,JPC1-TIK161A3.PV,JPC1-FCAK161A31.PV,JPC1-FCAK161A32.PV,JPC1-FCAK161A33.PV,JPC1-TTAK161A31.PV,JPC1-TTAK161A32.PV,JPC1-TTAK161A33.PV,JPC1-TTAK161A34.PV,JPC1-PCA422E.PV,JPC1-IMK161U.PV,JPC1-AMA162.PV,JPC1-VSMA162A3.PV; start: 2019-07-31 13:20:20, end: 2019-07-31 13:20:20, time_step:00:01:00
2019-07-31 14:06:35 - pycode.dataport.rtpms - get_rtpms - MainThread - INFO - get_rtpms, tag: JPC1-FCMA1501.PV,JPC1-FCMA1502.PV,JPC1-VSMA150A2.PV,JPC1-FCT161A3.PV,JPC1-TIK161A3.PV,JPC1-FCAK161A31.PV,JPC1-FCAK161A32.PV,JPC1-FCAK161A33.PV,JPC1-TTAK161A31.PV,JPC1-TTAK161A32.PV,JPC1-TTAK161A33.PV,JPC1-TTAK161A34.PV,JPC1-PCA422E.PV,JPC1-IMK161U.PV,JPC1-AMA162.PV,JPC1-VSMA162A3.PV; start: 2019-07-31 13:35:20, end: 2019-07-31 13:35:20, time_step:00:01:00
2019-07-31 14:06:38 - pycode.dataport.rtpms - get_rtpms - MainThread - INFO - get_rtpms, tag: JPC1-FCMA1501.PV,JPC1-FCMA1502.PV,JPC1-VSMA150A2.PV,JPC1-FCT161A3.PV,JPC1-TIK161A3.PV,JPC1-FCAK161A31.PV,JPC1-FCAK161A32.PV,JPC1-FCAK161A33.PV,JPC1-TTAK161A31.PV,JPC1-TTAK161A32.PV,JPC1-TTAK161A33.PV,JPC1-TTAK161A34.PV,JPC1-PCA422E.PV,JPC1-IMK161U.PV,JPC1-AMA162.PV,JPC1-VSMA162A3.PV; start: 2019-07-31 13:50:20, end: 2019-07-31 13:50:20, time_step:00:01:00
2019-07-31 14:06:40 - pycode.dataport.rtpms - get_rtpms - MainThread - INFO - get_rtpms, tag: JPC1-FCMA1501.PV,JPC1-FCMA1502.PV,JPC1-VSMA150A2.PV,JPC1-FCT161A3.PV,JPC1-TIK161A3.PV,JPC1-FCAK161A31.PV,JPC1-FCAK161A32.PV,JPC1-FCAK161A33.PV,JPC1-TTAK161A31.PV,JPC1-TTAK161A32.PV,JPC1-TTAK161A33.PV,JPC1-TTAK161A34.PV,JPC1-PCA422E.PV,JPC1-IMK161U.PV,JPC1-AMA162.PV,JPC1-VSMA162A3.PV; start: 2019-07-31 14:05:20, end: 2019-07-31 14:05:20, time_step:00:01:00
2019-07-31 14:06:42 - pycode.dataport.rtpms - get_rtpms - MainThread - INFO - get_rtpms, tag: JPC1-FCMA1501.PV,JPC1-FCMA1502.PV,JPC1-VSMA150A2.PV,JPC1-FCT161A3.PV,JPC1-TIK161A3.PV,JPC1-FCAK161A31.PV,JPC1-FCAK161A32.PV,JPC1-FCAK161A33.PV,JPC1-TTAK161A31.PV,JPC1-TTAK161A32.PV,JPC1-TTAK161A33.PV,JPC1-TTAK161A34.PV,JPC1-PCA422E.PV,JPC1-IMK161U.PV,JPC1-AMA162.PV,JPC1-VSMA162A3.PV; start: 2019-07-31 13:05:20, end: 2019-07-31 13:05:20, time_step:00:01:00
2019-07-31 14:06:44 - pycode.dataport.rtpms - get_rtpms - MainThread - INFO - get_rtpms, tag: JPC1-FCMA1501.PV,JPC1-FCMA1502.PV,JPC1-VSMA150A2.PV,JPC1-FCT161A3.PV,JPC1-TIK161A3.PV,JPC1-FCAK161A31.PV,JPC1-FCAK161A32.PV,JPC1-FCAK161A33.PV,JPC1-TTAK161A31.PV,JPC1-TTAK161A32.PV,JPC1-TTAK161A33.PV,JPC1-TTAK161A34.PV,JPC1-PCA422E.PV,JPC1-IMK161U.PV,JPC1-AMA162.PV,JPC1-VSMA162A3.PV; start: 2019-07-31 13:20:20, end: 2019-07-31 13:20:20, time_step:00:01:00
2019-07-31 14:06:46 - pycode.dataport.rtpms - get_rtpms - MainThread - INFO - get_rtpms, tag: JPC1-FCMA1501.PV,JPC1-FCMA1502.PV,JPC1-VSMA150A2.PV,JPC1-FCT161A3.PV,JPC1-TIK161A3.PV,JPC1-FCAK161A31.PV,JPC1-FCAK161A32.PV,JPC1-FCAK161A33.PV,JPC1-TTAK161A31.PV,JPC1-TTAK161A32.PV,JPC1-TTAK161A33.PV,JPC1-TTAK161A34.PV,JPC1-PCA422E.PV,JPC1-IMK161U.PV,JPC1-AMA162.PV,JPC1-VSMA162A3.PV; start: 2019-07-31 13:35:20, end: 2019-07-31 13:35:20, time_step:00:01:00
2019-07-31 14:06:48 - pycode.dataport.rtpms - get_rtpms - MainThread - INFO - get_rtpms, tag: JPC1-FCMA1501.PV,JPC1-FCMA1502.PV,JPC1-VSMA150A2.PV,JPC1-FCT161A3.PV,JPC1-TIK161A3.PV,JPC1-FCAK161A31.PV,JPC1-FCAK161A32.PV,JPC1-FCAK161A33.PV,JPC1-TTAK161A31.PV,JPC1-TTAK161A32.PV,JPC1-TTAK161A33.PV,JPC1-TTAK161A34.PV,JPC1-PCA422E.PV,JPC1-IMK161U.PV,JPC1-AMA162.PV,JPC1-VSMA162A3.PV; start: 2019-07-31 13:50:20, end: 2019-07-31 13:50:20, time_step:00:01:00
2019-07-31 14:06:50 - pycode.dataport.rtpms - get_rtpms - MainThread - INFO - get_rtpms, tag: JPC1-FCMA1501.PV,JPC1-FCMA1502.PV,JPC1-VSMA150A2.PV,JPC1-FCT161A3.PV,JPC1-TIK161A3.PV,JPC1-FCAK161A31.PV,JPC1-FCAK161A32.PV,JPC1-FCAK161A33.PV,JPC1-TTAK161A31.PV,JPC1-TTAK161A32.PV,JPC1-TTAK161A33.PV,JPC1-TTAK161A34.PV,JPC1-PCA422E.PV,JPC1-IMK161U.PV,JPC1-AMA162.PV,JPC1-VSMA162A3.PV; start: 2019-07-31 14:05:20, end: 2019-07-31 14:05:20, time_step:00:01:00
2019-07-31 14:06:53 - pycode.tellers.ft - initialModelCoefs - MainThread - INFO - Initialize model coefs and intercept done by total error is zero
2019-07-31 14:07:08 - pycode.tellers.metrics - __init__ - MainThread - INFO - Calculate history DQIX
2019-07-31 14:07:15 - pycode.tellers.ft - __init__ - MainThread - INFO - Creating as instance of FortuneTeller
2019-07-31 14:07:15 - pycode.tellers.ft - initialModelCoefs - MainThread - INFO - Intialize model coefs start
2019-07-31 14:07:15 - pycode.dataport.rtpms - get_rtpms - MainThread - INFO - get_rtpms, tag: JPC1-VSMA162A3.PV; start: 2019-07-31 12:52:15, end: 2019-07-31 14:07:15, time_step:0:15:00
2019-07-31 14:07:15 - pycode.dataport.rtpms - get_rtpms - MainThread - INFO - get_rtpms, tag: JPC1-FCMA1501.PV,JPC1-VSMA150A2.PV,JPC1-FCT161A3.PV,JPC1-TIK161A3.PV,JPC1-FCAK161A31.PV,JPC1-FCAK161A32.PV,JPC1-FCAK161A33.PV,JPC1-TTAK161A31.PV,JPC1-TTAK161A32.PV,JPC1-TTAK161A33.PV,JPC1-TTAK161A34.PV,JPC1-PCA422E.PV,JPC1-IMK161U.PV,JPC1-AMA162.PV; start: 2019-07-31 11:49:15, end: 2019-07-31 11:52:15, time_step:00:01:00
2019-07-31 14:07:17 - __main__ - <module> - MainThread - ERROR - Traceback (most recent call last):
  File "main.py", line 85, in <module>
    teller.coefs, teller.intercept = teller.initialModelCoefs()
  File "/home/johnny830512/forecaster-TRL/pycode/tellers/ft.py", line 406, in initialModelCoefs
    predict = model.predict(feature)
  File "/home/johnny830512/.local/share/virtualenvs/forecaster-TRL-Cc5nCnXz/lib/python3.6/site-packages/keras/engine/training.py", line 1147, in predict
    x, _, _ = self._standardize_user_data(x)
  File "/home/johnny830512/.local/share/virtualenvs/forecaster-TRL-Cc5nCnXz/lib/python3.6/site-packages/keras/engine/training.py", line 749, in _standardize_user_data
    exception_prefix='input')
  File "/home/johnny830512/.local/share/virtualenvs/forecaster-TRL-Cc5nCnXz/lib/python3.6/site-packages/keras/engine/training_utils.py", line 127, in standardize_input_data
    'with shape ' + str(data_shape))
ValueError: Error when checking input: expected conv1d_1_input to have 3 dimensions, but got array with shape (1, 48)

2019-07-31 14:07:17 - __main__ - run - TLL_viscosity - INFO - Predict Start Time: 2019-07-31 14:07:17.802397
2019-07-31 14:07:17 - __main__ - run - TRL_viscosity_Conv1D - INFO - Predict Start Time: 2019-07-31 14:07:17.803615
2019-07-31 14:07:17 - pycode.dataport.rtpms - get_rtpms - TLL_viscosity - INFO - get_rtpms, tag: JPC1-FCMA1501.PV,JPC1-FCMA1502.PV,JPC1-VSMA150A2.PV,JPC1-FCT161A3.PV,JPC1-TIK161A3.PV,JPC1-FCAK161A31.PV,JPC1-FCAK161A32.PV,JPC1-FCAK161A33.PV,JPC1-TTAK161A31.PV,JPC1-TTAK161A32.PV,JPC1-TTAK161A33.PV,JPC1-TTAK161A34.PV,JPC1-PCA422E.PV,JPC1-IMK161U.PV,JPC1-AMA162.PV,JPC1-VSMA162A3.PV; start: 2019-07-31 14:07:17, end: 2019-07-31 14:07:17, time_step:00:01:00
2019-07-31 14:07:17 - pycode.dataport.rtpms - get_rtpms - TRL_viscosity_Conv1D - INFO - get_rtpms, tag: JPC1-FCMA1501.PV,JPC1-VSMA150A2.PV,JPC1-FCT161A3.PV,JPC1-TIK161A3.PV,JPC1-FCAK161A31.PV,JPC1-FCAK161A32.PV,JPC1-FCAK161A33.PV,JPC1-TTAK161A31.PV,JPC1-TTAK161A32.PV,JPC1-TTAK161A33.PV,JPC1-TTAK161A34.PV,JPC1-PCA422E.PV,JPC1-IMK161U.PV,JPC1-AMA162.PV; start: 2019-07-31 14:04:17, end: 2019-07-31 14:07:17, time_step:00:01:00
2019-07-31 14:07:19 - pycode.tellers.ft - tell - TRL_viscosity_Conv1D - INFO - Compute indicator score
2019-07-31 14:07:19 - pycode.tellers.ft - tell - TRL_viscosity_Conv1D - INFO - Predict
2019-07-31 14:07:19 - pycode.dataport.rtpms - get_rtpms - TRL_viscosity_Conv1D - INFO - get_rtpms, tag: JPC1-VSMA162A3.PV; start: 2019-07-31 06:07:17, end: 2019-07-31 14:07:17, time_step:0:15:00
2019-07-31 14:07:19 - pycode.tellers.ft - tell - TLL_viscosity - INFO - Compute indicator score
2019-07-31 14:07:19 - pycode.tellers.ft - tell - TLL_viscosity - INFO - Predict
2019-07-31 14:07:19 - pycode.dataport.rtpms - get_rtpms - TLL_viscosity - INFO - get_rtpms, tag: JPC1-VSMA162A3.PV; start: 2019-07-31 06:07:17, end: 2019-07-31 14:07:17, time_step:0:15:00
2019-07-31 14:07:21 - pycode.tellers.ft - tell - TRL_viscosity_Conv1D - INFO - Get target data
2019-07-31 14:07:21 - pycode.utils.sql - get_model_result - TRL_viscosity_Conv1D - INFO - Get predict result. model: TRL_viscosity_Conv1D, start_time: 2019-07-31 05:07:17, end_time: 2019-07-31 07:07:17
2019-07-31 14:07:21 - pycode.tellers.ft - _getPredictValue - TRL_viscosity_Conv1D - ERROR - No ConV_0731 data in database, Time: 2019-07-31 05:07:17 ~ 2019-07-31 07:07:17
2019-07-31 14:07:21 - pycode.utils.sql - get_model_result - TRL_viscosity_Conv1D - INFO - Get predict result. model: TRL_viscosity_Conv1D, start_time: 2019-07-31 05:22:17, end_time: 2019-07-31 07:22:17
2019-07-31 14:07:21 - pycode.tellers.ft - _getPredictValue - TRL_viscosity_Conv1D - ERROR - No ConV_0731 data in database, Time: 2019-07-31 05:22:17 ~ 2019-07-31 07:22:17
2019-07-31 14:07:21 - pycode.utils.sql - get_model_result - TRL_viscosity_Conv1D - INFO - Get predict result. model: TRL_viscosity_Conv1D, start_time: 2019-07-31 05:37:17, end_time: 2019-07-31 07:37:17
2019-07-31 14:07:21 - pycode.tellers.ft - _getPredictValue - TRL_viscosity_Conv1D - ERROR - No ConV_0731 data in database, Time: 2019-07-31 05:37:17 ~ 2019-07-31 07:37:17
2019-07-31 14:07:21 - pycode.utils.sql - get_model_result - TRL_viscosity_Conv1D - INFO - Get predict result. model: TRL_viscosity_Conv1D, start_time: 2019-07-31 05:52:17, end_time: 2019-07-31 07:52:17
2019-07-31 14:07:21 - pycode.tellers.ft - _getPredictValue - TRL_viscosity_Conv1D - ERROR - No ConV_0731 data in database, Time: 2019-07-31 05:52:17 ~ 2019-07-31 07:52:17
2019-07-31 14:07:21 - pycode.utils.sql - get_model_result - TRL_viscosity_Conv1D - INFO - Get predict result. model: TRL_viscosity_Conv1D, start_time: 2019-07-31 06:07:17, end_time: 2019-07-31 08:07:17
2019-07-31 14:07:21 - pycode.tellers.ft - _getPredictValue - TRL_viscosity_Conv1D - ERROR - No ConV_0731 data in database, Time: 2019-07-31 06:07:17 ~ 2019-07-31 08:07:17
2019-07-31 14:07:21 - pycode.utils.sql - get_model_result - TRL_viscosity_Conv1D - INFO - Get predict result. model: TRL_viscosity_Conv1D, start_time: 2019-07-31 06:22:17, end_time: 2019-07-31 08:22:17
2019-07-31 14:07:21 - pycode.tellers.ft - _getPredictValue - TRL_viscosity_Conv1D - ERROR - No ConV_0731 data in database, Time: 2019-07-31 06:22:17 ~ 2019-07-31 08:22:17
2019-07-31 14:07:21 - pycode.utils.sql - get_model_result - TRL_viscosity_Conv1D - INFO - Get predict result. model: TRL_viscosity_Conv1D, start_time: 2019-07-31 06:37:17, end_time: 2019-07-31 08:37:17
2019-07-31 14:07:21 - pycode.tellers.ft - _getPredictValue - TRL_viscosity_Conv1D - ERROR - No ConV_0731 data in database, Time: 2019-07-31 06:37:17 ~ 2019-07-31 08:37:17
2019-07-31 14:07:21 - pycode.utils.sql - get_model_result - TRL_viscosity_Conv1D - INFO - Get predict result. model: TRL_viscosity_Conv1D, start_time: 2019-07-31 06:52:17, end_time: 2019-07-31 08:52:17
2019-07-31 14:07:21 - pycode.tellers.ft - _getPredictValue - TRL_viscosity_Conv1D - ERROR - No ConV_0731 data in database, Time: 2019-07-31 06:52:17 ~ 2019-07-31 08:52:17
2019-07-31 14:07:21 - pycode.tellers.ft - tell - TLL_viscosity - INFO - Get target data
2019-07-31 14:07:21 - pycode.utils.sql - get_model_result - TRL_viscosity_Conv1D - INFO - Get predict result. model: TRL_viscosity_Conv1D, start_time: 2019-07-31 07:07:17, end_time: 2019-07-31 09:07:17
2019-07-31 14:07:21 - pycode.tellers.ft - _getPredictValue - TRL_viscosity_Conv1D - ERROR - No ConV_0731 data in database, Time: 2019-07-31 07:07:17 ~ 2019-07-31 09:07:17
2019-07-31 14:07:21 - pycode.utils.sql - get_model_result - TRL_viscosity_Conv1D - INFO - Get predict result. model: TRL_viscosity_Conv1D, start_time: 2019-07-31 07:22:17, end_time: 2019-07-31 09:22:17
2019-07-31 14:07:21 - pycode.tellers.ft - _getPredictValue - TRL_viscosity_Conv1D - ERROR - No ConV_0731 data in database, Time: 2019-07-31 07:22:17 ~ 2019-07-31 09:22:17
2019-07-31 14:07:21 - pycode.utils.sql - get_model_result - TRL_viscosity_Conv1D - INFO - Get predict result. model: TRL_viscosity_Conv1D, start_time: 2019-07-31 07:37:17, end_time: 2019-07-31 09:37:17
2019-07-31 14:07:21 - pycode.tellers.ft - _getPredictValue - TRL_viscosity_Conv1D - ERROR - No ConV_0731 data in database, Time: 2019-07-31 07:37:17 ~ 2019-07-31 09:37:17
2019-07-31 14:07:21 - pycode.utils.sql - get_model_result - TLL_viscosity - INFO - Get predict result. model: TLL_viscosity, start_time: 2019-07-31 05:07:17, end_time: 2019-07-31 07:07:17
2019-07-31 14:07:21 - pycode.utils.sql - get_model_result - TRL_viscosity_Conv1D - INFO - Get predict result. model: TRL_viscosity_Conv1D, start_time: 2019-07-31 07:52:17, end_time: 2019-07-31 09:52:17
2019-07-31 14:07:21 - pycode.tellers.ft - _getPredictValue - TRL_viscosity_Conv1D - ERROR - No ConV_0731 data in database, Time: 2019-07-31 07:52:17 ~ 2019-07-31 09:52:17
2019-07-31 14:07:21 - pycode.utils.sql - get_model_result - TRL_viscosity_Conv1D - INFO - Get predict result. model: TRL_viscosity_Conv1D, start_time: 2019-07-31 08:07:17, end_time: 2019-07-31 10:07:17
2019-07-31 14:07:21 - pycode.tellers.ft - _getPredictValue - TRL_viscosity_Conv1D - ERROR - No ConV_0731 data in database, Time: 2019-07-31 08:07:17 ~ 2019-07-31 10:07:17
2019-07-31 14:07:21 - pycode.utils.sql - get_model_result - TLL_viscosity - INFO - Get predict result. model: TLL_viscosity, start_time: 2019-07-31 05:22:17, end_time: 2019-07-31 07:22:17
2019-07-31 14:07:21 - pycode.utils.sql - get_model_result - TRL_viscosity_Conv1D - INFO - Get predict result. model: TRL_viscosity_Conv1D, start_time: 2019-07-31 08:22:17, end_time: 2019-07-31 10:22:17
2019-07-31 14:07:21 - pycode.tellers.ft - _getPredictValue - TRL_viscosity_Conv1D - ERROR - No ConV_0731 data in database, Time: 2019-07-31 08:22:17 ~ 2019-07-31 10:22:17
2019-07-31 14:07:21 - pycode.utils.sql - get_model_result - TLL_viscosity - INFO - Get predict result. model: TLL_viscosity, start_time: 2019-07-31 05:37:17, end_time: 2019-07-31 07:37:17
2019-07-31 14:07:21 - pycode.utils.sql - get_model_result - TRL_viscosity_Conv1D - INFO - Get predict result. model: TRL_viscosity_Conv1D, start_time: 2019-07-31 08:37:17, end_time: 2019-07-31 10:37:17
2019-07-31 14:07:21 - pycode.tellers.ft - _getPredictValue - TRL_viscosity_Conv1D - ERROR - No ConV_0731 data in database, Time: 2019-07-31 08:37:17 ~ 2019-07-31 10:37:17
2019-07-31 14:07:21 - pycode.utils.sql - get_model_result - TRL_viscosity_Conv1D - INFO - Get predict result. model: TRL_viscosity_Conv1D, start_time: 2019-07-31 08:52:17, end_time: 2019-07-31 10:52:17
2019-07-31 14:07:21 - pycode.tellers.ft - _getPredictValue - TRL_viscosity_Conv1D - ERROR - No ConV_0731 data in database, Time: 2019-07-31 08:52:17 ~ 2019-07-31 10:52:17
2019-07-31 14:07:21 - pycode.utils.sql - get_model_result - TRL_viscosity_Conv1D - INFO - Get predict result. model: TRL_viscosity_Conv1D, start_time: 2019-07-31 09:07:17, end_time: 2019-07-31 11:07:17
2019-07-31 14:07:21 - pycode.utils.sql - get_model_result - TLL_viscosity - INFO - Get predict result. model: TLL_viscosity, start_time: 2019-07-31 05:52:17, end_time: 2019-07-31 07:52:17
2019-07-31 14:07:21 - pycode.tellers.ft - _getPredictValue - TRL_viscosity_Conv1D - ERROR - No ConV_0731 data in database, Time: 2019-07-31 09:07:17 ~ 2019-07-31 11:07:17
2019-07-31 14:07:21 - pycode.utils.sql - get_model_result - TRL_viscosity_Conv1D - INFO - Get predict result. model: TRL_viscosity_Conv1D, start_time: 2019-07-31 09:22:17, end_time: 2019-07-31 11:22:17
2019-07-31 14:07:21 - pycode.tellers.ft - _getPredictValue - TRL_viscosity_Conv1D - ERROR - No ConV_0731 data in database, Time: 2019-07-31 09:22:17 ~ 2019-07-31 11:22:17
2019-07-31 14:07:21 - pycode.utils.sql - get_model_result - TLL_viscosity - INFO - Get predict result. model: TLL_viscosity, start_time: 2019-07-31 06:07:17, end_time: 2019-07-31 08:07:17
2019-07-31 14:07:21 - pycode.utils.sql - get_model_result - TRL_viscosity_Conv1D - INFO - Get predict result. model: TRL_viscosity_Conv1D, start_time: 2019-07-31 09:37:17, end_time: 2019-07-31 11:37:17
2019-07-31 14:07:21 - pycode.tellers.ft - _getPredictValue - TRL_viscosity_Conv1D - ERROR - No ConV_0731 data in database, Time: 2019-07-31 09:37:17 ~ 2019-07-31 11:37:17
2019-07-31 14:07:21 - pycode.utils.sql - get_model_result - TRL_viscosity_Conv1D - INFO - Get predict result. model: TRL_viscosity_Conv1D, start_time: 2019-07-31 09:52:17, end_time: 2019-07-31 11:52:17
2019-07-31 14:07:21 - pycode.tellers.ft - _getPredictValue - TRL_viscosity_Conv1D - ERROR - No ConV_0731 data in database, Time: 2019-07-31 09:52:17 ~ 2019-07-31 11:52:17
2019-07-31 14:07:21 - pycode.utils.sql - get_model_result - TRL_viscosity_Conv1D - INFO - Get predict result. model: TRL_viscosity_Conv1D, start_time: 2019-07-31 10:07:17, end_time: 2019-07-31 12:07:17
2019-07-31 14:07:21 - pycode.utils.sql - get_model_result - TLL_viscosity - INFO - Get predict result. model: TLL_viscosity, start_time: 2019-07-31 06:22:17, end_time: 2019-07-31 08:22:17
2019-07-31 14:07:21 - pycode.tellers.ft - _getPredictValue - TRL_viscosity_Conv1D - ERROR - No ConV_0731 data in database, Time: 2019-07-31 10:07:17 ~ 2019-07-31 12:07:17
2019-07-31 14:07:21 - pycode.utils.sql - get_model_result - TRL_viscosity_Conv1D - INFO - Get predict result. model: TRL_viscosity_Conv1D, start_time: 2019-07-31 10:22:17, end_time: 2019-07-31 12:22:17
2019-07-31 14:07:21 - pycode.tellers.ft - _getPredictValue - TRL_viscosity_Conv1D - ERROR - No ConV_0731 data in database, Time: 2019-07-31 10:22:17 ~ 2019-07-31 12:22:17
2019-07-31 14:07:22 - pycode.utils.sql - get_model_result - TRL_viscosity_Conv1D - INFO - Get predict result. model: TRL_viscosity_Conv1D, start_time: 2019-07-31 10:37:17, end_time: 2019-07-31 12:37:17
2019-07-31 14:07:22 - pycode.utils.sql - get_model_result - TLL_viscosity - INFO - Get predict result. model: TLL_viscosity, start_time: 2019-07-31 06:37:17, end_time: 2019-07-31 08:37:17
2019-07-31 14:07:22 - pycode.tellers.ft - _getPredictValue - TRL_viscosity_Conv1D - ERROR - No ConV_0731 data in database, Time: 2019-07-31 10:37:17 ~ 2019-07-31 12:37:17
2019-07-31 14:07:22 - pycode.utils.sql - get_model_result - TRL_viscosity_Conv1D - INFO - Get predict result. model: TRL_viscosity_Conv1D, start_time: 2019-07-31 10:52:17, end_time: 2019-07-31 12:52:17
2019-07-31 14:07:22 - pycode.tellers.ft - _getPredictValue - TRL_viscosity_Conv1D - ERROR - No ConV_0731 data in database, Time: 2019-07-31 10:52:17 ~ 2019-07-31 12:52:17
2019-07-31 14:07:22 - pycode.utils.sql - get_model_result - TRL_viscosity_Conv1D - INFO - Get predict result. model: TRL_viscosity_Conv1D, start_time: 2019-07-31 11:07:17, end_time: 2019-07-31 13:07:17
2019-07-31 14:07:22 - pycode.utils.sql - get_model_result - TLL_viscosity - INFO - Get predict result. model: TLL_viscosity, start_time: 2019-07-31 06:52:17, end_time: 2019-07-31 08:52:17
2019-07-31 14:07:22 - pycode.tellers.ft - _getPredictValue - TRL_viscosity_Conv1D - ERROR - No ConV_0731 data in database, Time: 2019-07-31 11:07:17 ~ 2019-07-31 13:07:17
2019-07-31 14:07:22 - pycode.utils.sql - get_model_result - TRL_viscosity_Conv1D - INFO - Get predict result. model: TRL_viscosity_Conv1D, start_time: 2019-07-31 11:22:17, end_time: 2019-07-31 13:22:17
2019-07-31 14:07:22 - pycode.tellers.ft - _getPredictValue - TRL_viscosity_Conv1D - ERROR - No ConV_0731 data in database, Time: 2019-07-31 11:22:17 ~ 2019-07-31 13:22:17
2019-07-31 14:07:22 - pycode.utils.sql - get_model_result - TRL_viscosity_Conv1D - INFO - Get predict result. model: TRL_viscosity_Conv1D, start_time: 2019-07-31 11:37:17, end_time: 2019-07-31 13:37:17
2019-07-31 14:07:22 - pycode.utils.sql - get_model_result - TLL_viscosity - INFO - Get predict result. model: TLL_viscosity, start_time: 2019-07-31 07:07:17, end_time: 2019-07-31 09:07:17
2019-07-31 14:07:22 - pycode.tellers.ft - _getPredictValue - TRL_viscosity_Conv1D - ERROR - No ConV_0731 data in database, Time: 2019-07-31 11:37:17 ~ 2019-07-31 13:37:17
2019-07-31 14:07:22 - pycode.utils.sql - get_model_result - TRL_viscosity_Conv1D - INFO - Get predict result. model: TRL_viscosity_Conv1D, start_time: 2019-07-31 11:52:17, end_time: 2019-07-31 13:52:17
2019-07-31 14:07:22 - pycode.tellers.ft - _getPredictValue - TRL_viscosity_Conv1D - ERROR - No ConV_0731 data in database, Time: 2019-07-31 11:52:17 ~ 2019-07-31 13:52:17
2019-07-31 14:07:22 - pycode.utils.sql - get_model_result - TLL_viscosity - INFO - Get predict result. model: TLL_viscosity, start_time: 2019-07-31 07:22:17, end_time: 2019-07-31 09:22:17
2019-07-31 14:07:22 - pycode.utils.sql - get_model_result - TRL_viscosity_Conv1D - INFO - Get predict result. model: TRL_viscosity_Conv1D, start_time: 2019-07-31 12:07:17, end_time: 2019-07-31 14:07:17
2019-07-31 14:07:22 - pycode.tellers.ft - _getPredictValue - TRL_viscosity_Conv1D - ERROR - No ConV_0731 data in database, Time: 2019-07-31 12:07:17 ~ 2019-07-31 14:07:17
2019-07-31 14:07:22 - pycode.utils.sql - get_model_result - TRL_viscosity_Conv1D - INFO - Get predict result. model: TRL_viscosity_Conv1D, start_time: 2019-07-31 12:22:17, end_time: 2019-07-31 14:22:17
2019-07-31 14:07:22 - pycode.utils.sql - get_model_result - TLL_viscosity - INFO - Get predict result. model: TLL_viscosity, start_time: 2019-07-31 07:37:17, end_time: 2019-07-31 09:37:17
2019-07-31 14:07:22 - pycode.tellers.ft - _getPredictValue - TRL_viscosity_Conv1D - ERROR - No ConV_0731 data in database, Time: 2019-07-31 12:22:17 ~ 2019-07-31 14:22:17
2019-07-31 14:07:22 - pycode.utils.sql - get_model_result - TRL_viscosity_Conv1D - INFO - Get predict result. model: TRL_viscosity_Conv1D, start_time: 2019-07-31 12:37:17, end_time: 2019-07-31 14:37:17
2019-07-31 14:07:22 - pycode.tellers.ft - _getPredictValue - TRL_viscosity_Conv1D - ERROR - No ConV_0731 data in database, Time: 2019-07-31 12:37:17 ~ 2019-07-31 14:37:17
2019-07-31 14:07:22 - pycode.utils.sql - get_model_result - TLL_viscosity - INFO - Get predict result. model: TLL_viscosity, start_time: 2019-07-31 07:52:17, end_time: 2019-07-31 09:52:17
2019-07-31 14:07:22 - pycode.utils.sql - get_model_result - TRL_viscosity_Conv1D - INFO - Get predict result. model: TRL_viscosity_Conv1D, start_time: 2019-07-31 12:52:17, end_time: 2019-07-31 14:52:17
2019-07-31 14:07:22 - pycode.tellers.ft - _getPredictValue - TRL_viscosity_Conv1D - ERROR - No ConV_0731 data in database, Time: 2019-07-31 12:52:17 ~ 2019-07-31 14:52:17
2019-07-31 14:07:22 - pycode.utils.sql - get_model_result - TLL_viscosity - INFO - Get predict result. model: TLL_viscosity, start_time: 2019-07-31 08:07:17, end_time: 2019-07-31 10:07:17
2019-07-31 14:07:22 - pycode.utils.sql - get_model_result - TRL_viscosity_Conv1D - INFO - Get predict result. model: TRL_viscosity_Conv1D, start_time: 2019-07-31 13:07:17, end_time: 2019-07-31 15:07:17
2019-07-31 14:07:22 - pycode.tellers.ft - _getPredictValue - TRL_viscosity_Conv1D - ERROR - No ConV_0731 data in database, Time: 2019-07-31 13:07:17 ~ 2019-07-31 15:07:17
2019-07-31 14:07:22 - __main__ - run - TRL_viscosity_Conv1D - INFO - Predict Done Time: 2019-07-31 14:07:17.803615
2019-07-31 14:07:22 - pycode.utils.sql - save_result - TRL_viscosity_Conv1D - INFO - Save predict result
2019-07-31 14:07:22 - pycode.utils.sql - get_model_result - TLL_viscosity - INFO - Get predict result. model: TLL_viscosity, start_time: 2019-07-31 08:22:17, end_time: 2019-07-31 10:22:17
2019-07-31 14:07:22 - pycode.utils.sql - get_model_result - TLL_viscosity - INFO - Get predict result. model: TLL_viscosity, start_time: 2019-07-31 08:37:17, end_time: 2019-07-31 10:37:17
2019-07-31 14:07:22 - pycode.utils.sql - get_model_result - TLL_viscosity - INFO - Get predict result. model: TLL_viscosity, start_time: 2019-07-31 08:52:17, end_time: 2019-07-31 10:52:17
2019-07-31 14:07:22 - pycode.utils.sql - get_model_result - TLL_viscosity - INFO - Get predict result. model: TLL_viscosity, start_time: 2019-07-31 09:07:17, end_time: 2019-07-31 11:07:17
2019-07-31 14:07:22 - pycode.utils.sql - get_model_result - TLL_viscosity - INFO - Get predict result. model: TLL_viscosity, start_time: 2019-07-31 09:22:17, end_time: 2019-07-31 11:22:17
2019-07-31 14:07:22 - pycode.utils.sql - get_model_result - TLL_viscosity - INFO - Get predict result. model: TLL_viscosity, start_time: 2019-07-31 09:37:17, end_time: 2019-07-31 11:37:17
2019-07-31 14:07:22 - pycode.utils.sql - get_model_result - TLL_viscosity - INFO - Get predict result. model: TLL_viscosity, start_time: 2019-07-31 09:52:17, end_time: 2019-07-31 11:52:17
2019-07-31 14:07:22 - pycode.utils.sql - get_model_result - TLL_viscosity - INFO - Get predict result. model: TLL_viscosity, start_time: 2019-07-31 10:07:17, end_time: 2019-07-31 12:07:17
2019-07-31 14:07:22 - pycode.utils.sql - get_model_result - TLL_viscosity - INFO - Get predict result. model: TLL_viscosity, start_time: 2019-07-31 10:22:17, end_time: 2019-07-31 12:22:17
2019-07-31 14:07:22 - pycode.utils.sql - get_model_result - TLL_viscosity - INFO - Get predict result. model: TLL_viscosity, start_time: 2019-07-31 10:37:17, end_time: 2019-07-31 12:37:17
2019-07-31 14:07:22 - pycode.utils.sql - get_model_result - TLL_viscosity - INFO - Get predict result. model: TLL_viscosity, start_time: 2019-07-31 10:52:17, end_time: 2019-07-31 12:52:17
2019-07-31 14:07:22 - pycode.utils.sql - get_model_result - TLL_viscosity - INFO - Get predict result. model: TLL_viscosity, start_time: 2019-07-31 11:07:17, end_time: 2019-07-31 13:07:17
2019-07-31 14:07:22 - pycode.utils.sql - get_model_result - TLL_viscosity - INFO - Get predict result. model: TLL_viscosity, start_time: 2019-07-31 11:22:17, end_time: 2019-07-31 13:22:17
2019-07-31 14:07:22 - pycode.utils.sql - get_model_result - TLL_viscosity - INFO - Get predict result. model: TLL_viscosity, start_time: 2019-07-31 11:37:17, end_time: 2019-07-31 13:37:17
2019-07-31 14:07:22 - pycode.utils.sql - get_model_result - TLL_viscosity - INFO - Get predict result. model: TLL_viscosity, start_time: 2019-07-31 11:52:17, end_time: 2019-07-31 13:52:17
2019-07-31 14:07:22 - pycode.utils.sql - get_model_result - TLL_viscosity - INFO - Get predict result. model: TLL_viscosity, start_time: 2019-07-31 12:07:17, end_time: 2019-07-31 14:07:17
2019-07-31 14:07:22 - pycode.utils.sql - get_model_result - TLL_viscosity - INFO - Get predict result. model: TLL_viscosity, start_time: 2019-07-31 12:22:17, end_time: 2019-07-31 14:22:17
2019-07-31 14:07:22 - pycode.utils.sql - get_model_result - TLL_viscosity - INFO - Get predict result. model: TLL_viscosity, start_time: 2019-07-31 12:37:17, end_time: 2019-07-31 14:37:17
2019-07-31 14:07:22 - pycode.utils.sql - get_model_result - TLL_viscosity - INFO - Get predict result. model: TLL_viscosity, start_time: 2019-07-31 12:52:17, end_time: 2019-07-31 14:52:17
2019-07-31 14:07:22 - pycode.utils.sql - get_model_result - TLL_viscosity - INFO - Get predict result. model: TLL_viscosity, start_time: 2019-07-31 13:07:17, end_time: 2019-07-31 15:07:17
2019-07-31 14:07:22 - __main__ - run - TLL_viscosity - INFO - Predict Done Time: 2019-07-31 14:07:17.802397
2019-07-31 14:07:22 - pycode.utils.sql - save_result - TLL_viscosity - INFO - Save predict result
